<?xml version="1.0" encoding="UTF-8" standalone="no"?>
<testsuite errors="0" failures="2" name="io.cucumber.core.plugin.JUnitFormatter" skipped="0" tests="2" time="0.462">
    <testcase classname="Parametre Kullanimi" name="Parametre kullaniminda ConfigReader Kullanimi" time="0.021">
        <failure message="The scenario has pending or undefined step(s)" type="java.lang.Exception"><![CDATA[Given kullanici "amazonURL" sayfasina gider.................................undefined
Then kullanici 3 saniye bekler..............................................skipped
When url'nin "amazon" icerdigini test eder..................................skipped
And sayfayi kapatir.........................................................skipped
]]></failure>
    </testcase>
    <testcase classname="Parametre Kullanimi" name="Parametre kullaniminda ConfigReader Kullanimi 2" time="0.001">
        <failure message="The scenario has pending or undefined step(s)" type="java.lang.Exception"><![CDATA[Given kullanici "bestbuyURL" sayfasina gider................................undefined
Then kullanici 4 saniye bekler..............................................skipped
When url'nin "bestbuy" icerdigini test eder.................................skipped
And sayfayi kapatir.........................................................skipped
]]></failure>
    </testcase>
</testsuite>
